2021-04-22 15:54:05 [http-nio-8080-exec-3] com.nnk.springboot.controllers.BidListController.home()
INFO: Receive Bid List
2021-04-22 16:14:26 [http-nio-8080-exec-6] com.nnk.springboot.controllers.BidListController.home()
INFO: Receive Bid List
2021-04-22 16:14:31 [http-nio-8080-exec-8] com.nnk.springboot.controllers.UserController.home()
INFO: Receive user list
2021-04-22 16:14:32 [http-nio-8080-exec-10] com.nnk.springboot.controllers.UserController.home()
INFO: Receive user list
2021-04-22 16:14:36 [http-nio-8080-exec-2] com.nnk.springboot.controllers.UserController.showUpdateForm()
INFO: Load user update page
2021-04-22 16:14:57 [http-nio-8080-exec-4] com.nnk.springboot.controllers.UserController.isValidPassword()
INFO: Password must have at least one uppercase character
2021-04-22 16:14:57 [http-nio-8080-exec-4] com.nnk.springboot.controllers.UserController.updateUser()
WARNING: Fields doesn't respect password field 8 character, one upperCase, onelowercaser, one number and one special character
2021-04-22 16:15:13 [http-nio-8080-exec-6] com.nnk.springboot.controllers.UserController.updateUser()
DEBUG: User updated with success
2021-04-22 16:15:13 [http-nio-8080-exec-7] com.nnk.springboot.controllers.UserController.home()
INFO: Receive user list
2021-04-22 16:15:21 [http-nio-8080-exec-2] com.nnk.springboot.controllers.UserController.home()
INFO: Receive user list
2021-04-22 16:15:24 [http-nio-8080-exec-4] com.nnk.springboot.controllers.BidListController.home()
INFO: Receive Bid List
2021-04-22 16:15:25 [http-nio-8080-exec-6] com.nnk.springboot.controllers.BidListController.home()
INFO: Receive Bid List
2021-04-22 16:15:27 [http-nio-8080-exec-8] com.nnk.springboot.controllers.CurveController.home()
INFO: Receive curve point list
2021-04-22 16:15:28 [http-nio-8080-exec-10] com.nnk.springboot.controllers.RatingController.home()
INFO: Received rating list
2021-04-22 16:15:28 [http-nio-8080-exec-2] com.nnk.springboot.controllers.TradeController.home()
INFO: Receive trade list
2021-04-22 16:15:29 [http-nio-8080-exec-4] com.nnk.springboot.controllers.RuleNameController.home()
INFO: Receive rule name list
