2021-04-25 16:16:42 [http-nio-8080-exec-9] com.nnk.springboot.controllers.BidListController.home()
INFO: Receive Bid List
2021-04-25 16:17:14 [http-nio-8080-exec-7] com.nnk.springboot.controllers.CurveController.home()
INFO: Receive curve point list
2021-04-25 16:17:15 [http-nio-8080-exec-5] com.nnk.springboot.controllers.RatingController.home()
INFO: Received rating list
2021-04-25 16:17:16 [http-nio-8080-exec-3] com.nnk.springboot.controllers.BidListController.home()
INFO: Receive Bid List
2021-04-25 16:17:19 [http-nio-8080-exec-1] com.nnk.springboot.controllers.UserController.home()
INFO: Receive user list
2021-04-25 16:17:20 [http-nio-8080-exec-9] com.nnk.springboot.controllers.UserController.home()
INFO: Receive user list
2021-04-25 16:17:22 [http-nio-8080-exec-7] com.nnk.springboot.controllers.UserController.addUser()
INFO: Load user add page
2021-04-25 16:17:34 [http-nio-8080-exec-4] com.nnk.springboot.controllers.UserController.isValidPassword()
INFO: Password must have at least 8 character
2021-04-25 16:17:34 [http-nio-8080-exec-4] com.nnk.springboot.controllers.UserController.isValidPassword()
INFO: Password must have at least one uppercase character
2021-04-25 16:17:34 [http-nio-8080-exec-4] com.nnk.springboot.controllers.UserController.isValidPassword()
INFO: Password must have at least one lowercase character
2021-04-25 16:17:34 [http-nio-8080-exec-4] com.nnk.springboot.controllers.UserController.isValidPassword()
INFO: Password must have at least one number
2021-04-25 16:17:34 [http-nio-8080-exec-4] com.nnk.springboot.controllers.UserController.isValidPassword()
INFO: Password must have at least one special character among @,#,$,%
2021-04-25 16:17:34 [http-nio-8080-exec-4] com.nnk.springboot.controllers.UserController.validate()
WARNING: Fields doesn't respect password field 8 character, one upperCase, onelowercaser, one number and one special character
2021-04-25 16:17:54 [http-nio-8080-exec-2] com.nnk.springboot.controllers.UserController.home()
INFO: Receive user list
2021-04-25 16:17:56 [http-nio-8080-exec-10] com.nnk.springboot.controllers.UserController.showUpdateForm()
INFO: Load user update page
2021-04-25 16:17:59 [http-nio-8080-exec-8] com.nnk.springboot.controllers.UserController.home()
INFO: Receive user list
2021-04-25 16:18:03 [http-nio-8080-exec-6] com.nnk.springboot.controllers.UserController.addUser()
INFO: Load user add page
2021-04-25 16:18:07 [http-nio-8080-exec-4] com.nnk.springboot.controllers.UserController.home()
INFO: Receive user list
2021-04-25 16:18:41 [http-nio-8080-exec-9] com.nnk.springboot.controllers.BidListController.home()
INFO: Receive Bid List
2021-04-25 16:18:42 [http-nio-8080-exec-7] com.nnk.springboot.controllers.BidListController.home()
INFO: Receive Bid List
